Austrognathia_sp.leapfrog	Austrognathia_sp_trinity.fasta	63	24731	392.555555555556	31466	12873084	409.110913366809
Bdelloura_candida.leapfrog	Bdelloura_candida_trinity.fasta	124	77286	623.274193548387	41322	22288317	539.381370698417
Bothriomolus_balticus.leapfrog	Bothriomolus_balticus_trinity.fasta	102	44237	433.696078431373	24099	11213469	465.308477530188
Bothrioplana_semperi.leapfrog	Bothrioplana_semperi_trinity.fasta	92	56275	611.684782608696	96272	56025639	581.951543543294
Dendrocoelum_lacteum.leapfrog	Dendrocoelum_lacteum_trinity.fasta	179	166539	930.385474860335	236582	115088339	486.462786687068
Fascioloides_magna.leapfrog	Fascioloides_magna_trinity.fasta	85	95236	1120.42352941176	42121	32952829	782.337290187792
Geocentrophora_applanata.leapfrog	Geocentrophora_applanata_trinity.fasta	83	110292	1328.81927710843	121550	84720234	696.999045660222
Girardia_tigrina.leapfrog	Girardia_tigrina.fasta	71	106669	1502.38028169014	22292	28403614	1274.16176206711
Gnosonesimida_spIV.leapfrog	Gnosonesimida_spIV_trinity.fasta	94	107008	1138.3829787234	71829	49382831	687.505478288713
Hymenolepis.leapfrog	HMN.transcript.fa_v1	56	72567	1295.83928571429	10037	14732784	1467.84736475042
Kronborgia_cf_amphipodicola.leapfrog	Kronborgia_cf_amphipodicola_trinity.fasta	103	101389	984.359223300971	76551	51226970	669.187469791381
Lehardyia_sp.leapfrog	Lehardyia_sp_trinity.fasta	110	53542	486.745454545455	18438	9286830	503.678815489749
Lepadella_patella.leapfrog	Lepadella_patella_trinity.fasta	21	5619	267.571428571429	5074	1840512	362.733937721719
Lepidodermella.leapfrog	Lepidodermella_squamata_trinity.fasta	31	50933	1643	65945	61196289	927.989824854045
Macrostomum_cf_ruebushi.leapfrog	Macrostomum_cf_ruebushi_trinity.fasta	129	48189	373.558139534884	81600	32770207	401.595674019608
Macrostomum_lignano.leapfrog	Macrostomum_lignano_trinity.fasta	75	115828	1544.37333333333	175314	146305395	834.533437147062
Microdalyellia_sp.leapfrog	Microdalyellia_sp_trinity.fasta	100	64733	647.33	24736	15843853	640.517989974127
Microstomum_lineare.leapfrog	Microstomum_lineare_trinity.fasta	70	65709	938.7	160643	104527080	650.679332432786
Monocelis_fusca.leapfrog	Monocelis_fusca_trinity.fasta	83	62186	749.228915662651	136246	107256891	787.229650778738
Prorhynchus_alpinus.leapfrog	Prorhynchus_alpinus_trinity.fasta	133	72556	545.533834586466	68451	33179182	484.714350411243
Prorhynchus_spI.leapfrog	Prorhynchus_spI_trinity.fasta	133	71427	537.045112781955	69738	35868480	514.331928073647
Prosogynopora_riseri.leapfrog	Prosogynopora_riseri_trinity.fasta	77	34707	450.74025974026	22303	11798356	529.003093754204
Protomonotresidae_sp.leapfrog	Protomonotresidae_sp_trinity.fasta	131	68286	521.267175572519	49918	25980979	520.4731559758
Provortex_cf_sphagnorum.leapfrog	Provortex_cf_sphagnorum_trinity.fasta	41	28894	704.731707317073	6444	3644179	565.515052762259
Rhynchomesostoma_rostratum.leapfrog	Rhynchomesostoma_rostratum_trinity.fasta	114	65860	577.719298245614	103016	54448826	528.547274209831
Schmidtea_mediterranea.leapfrog	Schmidtea_mediterranea_trinity.fasta	87	124781	1434.26436781609	143254	120517665	841.286560933726
Sman.leapfrog	Sman.fa	87	72950	838.505747126437	54056	37765771	698.641612401954
Smed.be.leapfrog	Smed.be	90	94087	1045.41111111111	25664	26164000	1019.4825436409
Smed.dd.leapfrog	Smed.dd	75	110406	1472.08	38558	51680980	1340.34389750506
Smed.mu.leapfrog	Smed.mu	107	125821	1175.89719626168	28819	30966975	1074.53329400743
Smed.ox.leapfrog	Smed.ox	84	95906	1141.7380952381	55865	59890889	1072.06460216594
Smed.to.leapfrog	Smed.to	78	112937	1447.91025641026	24465	30333602	1239.87745759248
Smed.uc.leapfrog	Smed.uc	84	95906	1141.7380952381	55865	59890889	1072.06460216594
Solenopharyngidae_sp.leapfrog	Solenopharyngidae_sp_trinity.fasta	129	79564	616.77519379845	27275	15167640	556.100458295142
Stenostomum_leucops.leapfrog	Stenostomum_leucops_trinity.fasta	45	79677	1770.6	77787	79002799	1015.62984817514
Stylochus_ellipticus.leapfrog	Stylochus_ellipticus_trinity.fasta	54	67955	1258.42592592593	148083	129530874	874.718056765463
Xenoprorhynchus_spI.leapfrog	Xenoprorhynchus_spI_trinity.fasta	156	64762	415.141025641026	45629	20927129	458.636590764645
